빌드 시작: 2017-03-25 오후 3:37:07
     1>2 노드의 "C:\Users\Park JH\Desktop\FullStack\영상처리\2017.02.22_Interpolation\2017.02.22_Interpolation.vcxproj" 프로젝트(Build 대상)입니다.
     1>ClCompile:
         C:\Program Files (x86)\Microsoft Visual Studio 12.0\VC\bin\CL.exe /c /IC:\opencv\build\include /ZI /nologo /W3 /WX- /Od /Oy- /D WIN32 /D _DEBUG /D _CONSOLE /D _LIB /D _UNICODE /D UNICODE /Gm /EHsc /RTC1 /MDd /GS /fp:precise /Zc:wchar_t /Zc:forScope /Fo"Debug\\" /Fd"Debug\vc120.pdb" /Gd /TP /analyze- /errorReport:prompt "소스.cpp"
         소스.cpp
     1>c:\opencv\build\include\opencv2\core\mat.hpp(1965): warning C4819: 현재 코드 페이지(949)에서 표시할 수 없는 문자가 파일에 들어 있습니다. 데이터가 손실되지 않게 하려면 해당 파일을 유니코드 형식으로 저장하십시오.
     1>c:\opencv\build\include\opencv2\core\persistence.hpp : warning C4819: 현재 코드 페이지(949)에서 표시할 수 없는 문자가 파일에 들어 있습니다. 데이터가 손실되지 않게 하려면 해당 파일을 유니코드 형식으로 저장하십시오.
     1>c:\opencv\build\include\opencv2\core\utility.hpp : warning C4819: 현재 코드 페이지(949)에서 표시할 수 없는 문자가 파일에 들어 있습니다. 데이터가 손실되지 않게 하려면 해당 파일을 유니코드 형식으로 저장하십시오.
     1>c:\users\park jh\desktop\fullstack\영상처리\2017.02.22_interpolation\소스.cpp(86): warning C4244: '초기화 중' : 'float'에서 'int'(으)로 변환하면서 데이터가 손실될 수 있습니다.
     1>c:\users\park jh\desktop\fullstack\영상처리\2017.02.22_interpolation\소스.cpp(87): warning C4244: '=' : 'float'에서 'int'(으)로 변환하면서 데이터가 손실될 수 있습니다.
     1>c:\users\park jh\desktop\fullstack\영상처리\2017.02.22_interpolation\소스.cpp(88): warning C4244: '=' : 'float'에서 'int'(으)로 변환하면서 데이터가 손실될 수 있습니다.
     1>c:\users\park jh\desktop\fullstack\영상처리\2017.02.22_interpolation\소스.cpp(103): warning C4244: '=' : 'double'에서 'int'(으)로 변환하면서 데이터가 손실될 수 있습니다.
     1>c:\users\park jh\desktop\fullstack\영상처리\2017.02.22_interpolation\소스.cpp(108): warning C4244: '=' : 'double'에서 'int'(으)로 변환하면서 데이터가 손실될 수 있습니다.
     1>c:\users\park jh\desktop\fullstack\영상처리\2017.02.22_interpolation\소스.cpp(119): warning C4244: '초기화 중' : 'float'에서 'int'(으)로 변환하면서 데이터가 손실될 수 있습니다.
     1>c:\users\park jh\desktop\fullstack\영상처리\2017.02.22_interpolation\소스.cpp(120): warning C4244: '=' : 'float'에서 'int'(으)로 변환하면서 데이터가 손실될 수 있습니다.
     1>c:\users\park jh\desktop\fullstack\영상처리\2017.02.22_interpolation\소스.cpp(121): warning C4244: '=' : 'float'에서 'int'(으)로 변환하면서 데이터가 손실될 수 있습니다.
     1>c:\users\park jh\desktop\fullstack\영상처리\2017.02.22_interpolation\소스.cpp(154): warning C4244: '초기화 중' : 'double'에서 'int'(으)로 변환하면서 데이터가 손실될 수 있습니다.
     1>c:\users\park jh\desktop\fullstack\영상처리\2017.02.22_interpolation\소스.cpp(155): warning C4244: '초기화 중' : 'double'에서 'int'(으)로 변환하면서 데이터가 손실될 수 있습니다.
     1>c:\users\park jh\desktop\fullstack\영상처리\2017.02.22_interpolation\소스.cpp(164): warning C4244: '=' : 'double'에서 'int'(으)로 변환하면서 데이터가 손실될 수 있습니다.
     1>c:\users\park jh\desktop\fullstack\영상처리\2017.02.22_interpolation\소스.cpp(165): warning C4244: '=' : 'double'에서 'int'(으)로 변환하면서 데이터가 손실될 수 있습니다.
     1>c:\users\park jh\desktop\fullstack\영상처리\2017.02.22_interpolation\소스.cpp(183): warning C4244: '초기화 중' : 'double'에서 'int'(으)로 변환하면서 데이터가 손실될 수 있습니다.
     1>c:\users\park jh\desktop\fullstack\영상처리\2017.02.22_interpolation\소스.cpp(184): warning C4244: '초기화 중' : 'double'에서 'int'(으)로 변환하면서 데이터가 손실될 수 있습니다.
     1>c:\users\park jh\desktop\fullstack\영상처리\2017.02.22_interpolation\소스.cpp(195): warning C4244: '=' : 'double'에서 'int'(으)로 변환하면서 데이터가 손실될 수 있습니다.
     1>c:\users\park jh\desktop\fullstack\영상처리\2017.02.22_interpolation\소스.cpp(196): warning C4244: '=' : 'double'에서 'int'(으)로 변환하면서 데이터가 손실될 수 있습니다.
     1>c:\users\park jh\desktop\fullstack\영상처리\2017.02.22_interpolation\소스.cpp(214): warning C4305: '인수' : 'double'에서 'float'(으)로 잘립니다.
       Link:
         C:\Program Files (x86)\Microsoft Visual Studio 12.0\VC\bin\link.exe /ERRORREPORT:PROMPT /OUT:"C:\Users\Park JH\Desktop\FullStack\영상처리\2017.02.22_Interpolation\Debug\2017.02.22_Interpolation.exe" /INCREMENTAL /NOLOGO /LIBPATH:C:\opencv\build\x86\vc12\lib opencv_ts300d.lib opencv_world300d.lib kernel32.lib user32.lib gdi32.lib winspool.lib comdlg32.lib advapi32.lib shell32.lib ole32.lib oleaut32.lib uuid.lib odbc32.lib odbccp32.lib /MANIFEST /MANIFESTUAC:"level='asInvoker' uiAccess='false'" /manifest:embed /DEBUG /PDB:"C:\Users\Park JH\Desktop\FullStack\영상처리\2017.02.22_Interpolation\Debug\2017.02.22_Interpolation.pdb" /SUBSYSTEM:CONSOLE /TLBID:1 /DYNAMICBASE /NXCOMPAT /IMPLIB:"C:\Users\Park JH\Desktop\FullStack\영상처리\2017.02.22_Interpolation\Debug\2017.02.22_Interpolation.lib" /MACHINE:X86 "Debug\소스.obj"
         2017.02.22_Interpolation.vcxproj -> C:\Users\Park JH\Desktop\FullStack\영상처리\2017.02.22_Interpolation\Debug\2017.02.22_Interpolation.exe
     1>"C:\Users\Park JH\Desktop\FullStack\영상처리\2017.02.22_Interpolation\2017.02.22_Interpolation.vcxproj" 프로젝트를 빌드했습니다(Build 대상).

빌드했습니다.

경과 시간: 00:00:07.67
